[debug] [2026-03-26T08:49:40.872Z] ----------------------------------------------------------------------
[debug] [2026-03-26T08:49:40.875Z] Command:       C:\Program Files\nodejs\node.exe C:\Users\ASUS\AppData\Roaming\npm\node_modules\firebase-tools\lib\bin\firebase.js init
[debug] [2026-03-26T08:49:40.876Z] CLI Version:   15.11.0
[debug] [2026-03-26T08:49:40.876Z] Platform:      win32
[debug] [2026-03-26T08:49:40.876Z] Node Version:  v25.8.0
[debug] [2026-03-26T08:49:40.876Z] Time:          Thu Mar 26 2026 15:49:40 GMT+0700 (Indochina Time)
[debug] [2026-03-26T08:49:40.876Z] ----------------------------------------------------------------------
[debug] 
[info] 
     ######## #### ########  ######## ########     ###     ######  ########
     ##        ##  ##     ## ##       ##     ##  ##   ##  ##       ##
     ######    ##  ########  ######   ########  #########  ######  ######
     ##        ##  ##    ##  ##       ##     ## ##     ##       ## ##
     ##       #### ##     ## ######## ########  ##     ##  ######  ########

You're about to initialize a Firebase project in this directory:

  D:\projek akhir\projek_akhir_pemrogaman

[info] 
=== Project Setup
[info] 
[info] First, let's associate this project directory with a Firebase project.
[info] You can create multiple project aliases by running firebase use --add, 
[info] 
[info] i  If you want to create a project in a Google Cloud organization or folder, please use "firebase projects:create" instead, and return to this command when you've created the project. 
[debug] [2026-03-26T08:52:24.645Z] > command requires scopes: ["email","openid","https://www.googleapis.com/auth/cloudplatformprojects.readonly","https://www.googleapis.com/auth/firebase","https://www.googleapis.com/auth/cloud-platform"]
[debug] [2026-03-26T08:52:24.645Z] > authorizing via signed-in user (faizdaka04@gmail.com)
[debug] [2026-03-26T08:52:37.228Z] Checked if tokens are valid: true, expires at: 1774518565611
[debug] [2026-03-26T08:52:37.228Z] Checked if tokens are valid: true, expires at: 1774518565611
[debug] [2026-03-26T08:52:37.232Z] >>> [apiv2][query] POST https://firebase.googleapis.com/v1/projects:checkProjectId [none]
[debug] [2026-03-26T08:52:37.232Z] >>> [apiv2][body] POST https://firebase.googleapis.com/v1/projects:checkProjectId {"proposedId":"geprekpedasnagih"}
[debug] [2026-03-26T08:52:37.783Z] <<< [apiv2][status] POST https://firebase.googleapis.com/v1/projects:checkProjectId 200
[debug] [2026-03-26T08:52:37.783Z] <<< [apiv2][body] POST https://firebase.googleapis.com/v1/projects:checkProjectId {"projectIdStatus":"PROJECT_ID_AVAILABLE","suggestedProjectId":"geprekpedasnagih"}
[debug] [2026-03-26T08:53:09.291Z] Checked if tokens are valid: true, expires at: 1774518565611
[debug] [2026-03-26T08:53:09.291Z] Checked if tokens are valid: true, expires at: 1774518565611
[debug] [2026-03-26T08:53:09.291Z] >>> [apiv2][query] POST https://cloudresourcemanager.googleapis.com/v1/projects [none]
[debug] [2026-03-26T08:53:09.291Z] >>> [apiv2][body] POST https://cloudresourcemanager.googleapis.com/v1/projects {"projectId":"geprekpedasnagih","name":"build/web"}
[debug] [2026-03-26T08:53:10.543Z] <<< [apiv2][status] POST https://cloudresourcemanager.googleapis.com/v1/projects 400
[debug] [2026-03-26T08:53:10.545Z] <<< [apiv2][body] POST https://cloudresourcemanager.googleapis.com/v1/projects {"error":{"code":400,"message":"field [display_name] has issue [project display name contains invalid characters]","status":"INVALID_ARGUMENT","details":[{"@type":"type.googleapis.com/google.rpc.BadRequest","fieldViolations":[{"field":"display_name","description":"project display name contains invalid characters"}]},{"@type":"type.googleapis.com/google.rpc.Help","links":[{"url":"https://cloud.google.com/resource-manager/reference/rest/v1/projects"}]}]}}
[debug] [2026-03-26T08:53:10.724Z] FirebaseError: Request to https://cloudresourcemanager.googleapis.com/v1/projects had HTTP Error: 400, field [display_name] has issue [project display name contains invalid characters]
    at responseToError (C:\Users\ASUS\AppData\Roaming\npm\node_modules\firebase-tools\lib\responseToError.js:53:12)
    at RetryOperation._fn (C:\Users\ASUS\AppData\Roaming\npm\node_modules\firebase-tools\lib\apiv2.js:333:77)
    at process.processTicksAndRejections (node:internal/process/task_queues:104:5)
[error] 
[error] Error: Failed to create project. See firebase-debug.log for more info.
[debug] [2026-03-26T08:54:13.769Z] ----------------------------------------------------------------------
[debug] [2026-03-26T08:54:13.772Z] Command:       C:\Program Files\nodejs\node.exe C:\Users\ASUS\AppData\Roaming\npm\node_modules\firebase-tools\lib\bin\firebase.js init
[debug] [2026-03-26T08:54:13.772Z] CLI Version:   15.11.0
[debug] [2026-03-26T08:54:13.773Z] Platform:      win32
[debug] [2026-03-26T08:54:13.773Z] Node Version:  v25.8.0
[debug] [2026-03-26T08:54:13.773Z] Time:          Thu Mar 26 2026 15:54:13 GMT+0700 (Indochina Time)
[debug] [2026-03-26T08:54:13.773Z] ----------------------------------------------------------------------
[debug] 
[info] 
     ######## #### ########  ######## ########     ###     ######  ########
     ##        ##  ##     ## ##       ##     ##  ##   ##  ##       ##
     ######    ##  ########  ######   ########  #########  ######  ######
     ##        ##  ##    ##  ##       ##     ## ##     ##       ## ##
     ##       #### ##     ## ######## ########  ##     ##  ######  ########

You're about to initialize a Firebase project in this directory:

  D:\projek akhir\projek_akhir_pemrogaman

[info] 
=== Project Setup
[info] 
[info] First, let's associate this project directory with a Firebase project.
[info] You can create multiple project aliases by running firebase use --add, 
[info] 
[info] i  If you want to create a project in a Google Cloud organization or folder, please use "firebase projects:create" instead, and return to this command when you've created the project. 
[debug] [2026-03-26T08:54:28.896Z] > command requires scopes: ["email","openid","https://www.googleapis.com/auth/cloudplatformprojects.readonly","https://www.googleapis.com/auth/firebase","https://www.googleapis.com/auth/cloud-platform"]
[debug] [2026-03-26T08:54:28.896Z] > authorizing via signed-in user (faizdaka04@gmail.com)
[debug] [2026-03-26T08:54:41.201Z] Checked if tokens are valid: true, expires at: 1774518565611
[debug] [2026-03-26T08:54:41.202Z] Checked if tokens are valid: true, expires at: 1774518565611
[debug] [2026-03-26T08:54:41.205Z] >>> [apiv2][query] POST https://firebase.googleapis.com/v1/projects:checkProjectId [none]
[debug] [2026-03-26T08:54:41.205Z] >>> [apiv2][body] POST https://firebase.googleapis.com/v1/projects:checkProjectId {"proposedId":"geprekpedasnagih"}
[debug] [2026-03-26T08:54:41.675Z] <<< [apiv2][status] POST https://firebase.googleapis.com/v1/projects:checkProjectId 200
[debug] [2026-03-26T08:54:41.675Z] <<< [apiv2][body] POST https://firebase.googleapis.com/v1/projects:checkProjectId {"projectIdStatus":"PROJECT_ID_AVAILABLE","suggestedProjectId":"geprekpedasnagih"}
[debug] [2026-03-26T08:55:09.419Z] Checked if tokens are valid: true, expires at: 1774518565611
[debug] [2026-03-26T08:55:09.420Z] Checked if tokens are valid: true, expires at: 1774518565611
[debug] [2026-03-26T08:55:09.420Z] >>> [apiv2][query] POST https://cloudresourcemanager.googleapis.com/v1/projects [none]
[debug] [2026-03-26T08:55:09.420Z] >>> [apiv2][body] POST https://cloudresourcemanager.googleapis.com/v1/projects {"projectId":"geprekpedasnagih","name":"geprekpedasnagih"}
[debug] [2026-03-26T08:55:10.878Z] <<< [apiv2][status] POST https://cloudresourcemanager.googleapis.com/v1/projects 200
[debug] [2026-03-26T08:55:10.878Z] <<< [apiv2][body] POST https://cloudresourcemanager.googleapis.com/v1/projects {"name":"operations/create_project.global.5873001522585286105"}
[debug] [2026-03-26T08:55:10.879Z] Checked if tokens are valid: true, expires at: 1774518565611
[debug] [2026-03-26T08:55:10.880Z] Checked if tokens are valid: true, expires at: 1774518565611
[debug] [2026-03-26T08:55:10.880Z] >>> [apiv2][query] GET https://cloudresourcemanager.googleapis.com/v1/operations/create_project.global.5873001522585286105 [none]
[debug] [2026-03-26T08:55:12.015Z] <<< [apiv2][status] GET https://cloudresourcemanager.googleapis.com/v1/operations/create_project.global.5873001522585286105 200
[debug] [2026-03-26T08:55:12.015Z] <<< [apiv2][body] GET https://cloudresourcemanager.googleapis.com/v1/operations/create_project.global.5873001522585286105 {"name":"operations/create_project.global.5873001522585286105","metadata":{"@type":"type.googleapis.com/google.cloudresourcemanager.v1.ProjectCreationStatus","ready":true},"done":true,"error":{"code":9,"message":"Callers must accept Terms of Service","details":[{"@type":"type.googleapis.com/google.rpc.PreconditionFailure","violations":[{"type":"TOS","subject":"cloud","description":"Callers must accept Terms of Service"}]}]}}
[debug] [2026-03-26T08:55:12.205Z] FirebaseError: Callers must accept Terms of Service
    at OperationPoller.poll (C:\Users\ASUS\AppData\Roaming\npm\node_modules\firebase-tools\lib\operation-poller.js:25:19)
    at process.processTicksAndRejections (node:internal/process/task_queues:104:5)
    at async createCloudProject (C:\Users\ASUS\AppData\Roaming\npm\node_modules\firebase-tools\lib\management\projects.js:237:29)
    at async createFirebaseProjectAndLog (C:\Users\ASUS\AppData\Roaming\npm\node_modules\firebase-tools\lib\management\projects.js:102:9)
    at async Object.doSetup (C:\Users\ASUS\AppData\Roaming\npm\node_modules\firebase-tools\lib\init\features\project.js:64:24)
    at async init (C:\Users\ASUS\AppData\Roaming\npm\node_modules\firebase-tools\lib\init\index.js:92:13)
    at async Command.initAction [as actionFn] (C:\Users\ASUS\AppData\Roaming\npm\node_modules\firebase-tools\lib\commands\init.js:231:5)
[error] 
[error] Error: Failed to create project. See firebase-debug.log for more info.
[debug] [2026-03-26T08:55:25.904Z] ----------------------------------------------------------------------
[debug] [2026-03-26T08:55:25.908Z] Command:       C:\Program Files\nodejs\node.exe C:\Users\ASUS\AppData\Roaming\npm\node_modules\firebase-tools\lib\bin\firebase.js init
[debug] [2026-03-26T08:55:25.909Z] CLI Version:   15.11.0
[debug] [2026-03-26T08:55:25.909Z] Platform:      win32
[debug] [2026-03-26T08:55:25.909Z] Node Version:  v25.8.0
[debug] [2026-03-26T08:55:25.909Z] Time:          Thu Mar 26 2026 15:55:25 GMT+0700 (Indochina Time)
[debug] [2026-03-26T08:55:25.910Z] ----------------------------------------------------------------------
[debug] 
[info] 
     ######## #### ########  ######## ########     ###     ######  ########
     ##        ##  ##     ## ##       ##     ##  ##   ##  ##       ##
     ######    ##  ########  ######   ########  #########  ######  ######
     ##        ##  ##    ##  ##       ##     ## ##     ##       ## ##
     ##       #### ##     ## ######## ########  ##     ##  ######  ########

You're about to initialize a Firebase project in this directory:

  D:\projek akhir\projek_akhir_pemrogaman

[info] 
=== Project Setup
[info] 
[info] First, let's associate this project directory with a Firebase project.
[info] You can create multiple project aliases by running firebase use --add, 
[info] 
[info] i  If you want to create a project in a Google Cloud organization or folder, please use "firebase projects:create" instead, and return to this command when you've created the project. 
[debug] [2026-03-26T08:55:35.190Z] > command requires scopes: ["email","openid","https://www.googleapis.com/auth/cloudplatformprojects.readonly","https://www.googleapis.com/auth/firebase","https://www.googleapis.com/auth/cloud-platform"]
[debug] [2026-03-26T08:55:35.190Z] > authorizing via signed-in user (faizdaka04@gmail.com)
[debug] [2026-03-26T08:55:42.807Z] Checked if tokens are valid: true, expires at: 1774518565611
[debug] [2026-03-26T08:55:42.808Z] Checked if tokens are valid: true, expires at: 1774518565611
[debug] [2026-03-26T08:55:42.811Z] >>> [apiv2][query] POST https://firebase.googleapis.com/v1/projects:checkProjectId [none]
[debug] [2026-03-26T08:55:42.812Z] >>> [apiv2][body] POST https://firebase.googleapis.com/v1/projects:checkProjectId {"proposedId":"geprekpedasnagis"}
[debug] [2026-03-26T08:55:43.385Z] <<< [apiv2][status] POST https://firebase.googleapis.com/v1/projects:checkProjectId 200
[debug] [2026-03-26T08:55:43.385Z] <<< [apiv2][body] POST https://firebase.googleapis.com/v1/projects:checkProjectId {"projectIdStatus":"PROJECT_ID_AVAILABLE","suggestedProjectId":"geprekpedasnagis"}
[debug] [2026-03-26T08:55:51.531Z] Checked if tokens are valid: true, expires at: 1774518565611
[debug] [2026-03-26T08:55:51.532Z] Checked if tokens are valid: true, expires at: 1774518565611
[debug] [2026-03-26T08:55:51.532Z] >>> [apiv2][query] POST https://cloudresourcemanager.googleapis.com/v1/projects [none]
[debug] [2026-03-26T08:55:51.533Z] >>> [apiv2][body] POST https://cloudresourcemanager.googleapis.com/v1/projects {"projectId":"geprekpedasnagis","name":"ssndsj"}
[debug] [2026-03-26T08:55:53.032Z] <<< [apiv2][status] POST https://cloudresourcemanager.googleapis.com/v1/projects 200
[debug] [2026-03-26T08:55:53.032Z] <<< [apiv2][body] POST https://cloudresourcemanager.googleapis.com/v1/projects {"name":"operations/create_project.global.4930491408089971807"}
[debug] [2026-03-26T08:55:53.034Z] Checked if tokens are valid: true, expires at: 1774518565611
[debug] [2026-03-26T08:55:53.034Z] Checked if tokens are valid: true, expires at: 1774518565611
[debug] [2026-03-26T08:55:53.034Z] >>> [apiv2][query] GET https://cloudresourcemanager.googleapis.com/v1/operations/create_project.global.4930491408089971807 [none]
[debug] [2026-03-26T08:55:54.156Z] <<< [apiv2][status] GET https://cloudresourcemanager.googleapis.com/v1/operations/create_project.global.4930491408089971807 200
[debug] [2026-03-26T08:55:54.156Z] <<< [apiv2][body] GET https://cloudresourcemanager.googleapis.com/v1/operations/create_project.global.4930491408089971807 {"name":"operations/create_project.global.4930491408089971807","metadata":{"@type":"type.googleapis.com/google.cloudresourcemanager.v1.ProjectCreationStatus","ready":true},"done":true,"error":{"code":9,"message":"Callers must accept Terms of Service","details":[{"@type":"type.googleapis.com/google.rpc.PreconditionFailure","violations":[{"type":"TOS","subject":"cloud","description":"Callers must accept Terms of Service"}]}]}}
[debug] [2026-03-26T08:55:54.299Z] FirebaseError: Callers must accept Terms of Service
    at OperationPoller.poll (C:\Users\ASUS\AppData\Roaming\npm\node_modules\firebase-tools\lib\operation-poller.js:25:19)
    at process.processTicksAndRejections (node:internal/process/task_queues:104:5)
    at async createCloudProject (C:\Users\ASUS\AppData\Roaming\npm\node_modules\firebase-tools\lib\management\projects.js:237:29)
    at async createFirebaseProjectAndLog (C:\Users\ASUS\AppData\Roaming\npm\node_modules\firebase-tools\lib\management\projects.js:102:9)
    at async Object.doSetup (C:\Users\ASUS\AppData\Roaming\npm\node_modules\firebase-tools\lib\init\features\project.js:64:24)
    at async init (C:\Users\ASUS\AppData\Roaming\npm\node_modules\firebase-tools\lib\init\index.js:92:13)
    at async Command.initAction [as actionFn] (C:\Users\ASUS\AppData\Roaming\npm\node_modules\firebase-tools\lib\commands\init.js:231:5)
[error] 
[error] Error: Failed to create project. See firebase-debug.log for more info.
[debug] [2026-03-26T08:55:59.508Z] ----------------------------------------------------------------------
[debug] [2026-03-26T08:55:59.511Z] Command:       C:\Program Files\nodejs\node.exe C:\Users\ASUS\AppData\Roaming\npm\node_modules\firebase-tools\lib\bin\firebase.js init
[debug] [2026-03-26T08:55:59.511Z] CLI Version:   15.11.0
[debug] [2026-03-26T08:55:59.511Z] Platform:      win32
[debug] [2026-03-26T08:55:59.511Z] Node Version:  v25.8.0
[debug] [2026-03-26T08:55:59.511Z] Time:          Thu Mar 26 2026 15:55:59 GMT+0700 (Indochina Time)
[debug] [2026-03-26T08:55:59.511Z] ----------------------------------------------------------------------
[debug] 
[info] 
     ######## #### ########  ######## ########     ###     ######  ########
     ##        ##  ##     ## ##       ##     ##  ##   ##  ##       ##
     ######    ##  ########  ######   ########  #########  ######  ######
     ##        ##  ##    ##  ##       ##     ## ##     ##       ## ##
     ##       #### ##     ## ######## ########  ##     ##  ######  ########

You're about to initialize a Firebase project in this directory:

  D:\projek akhir\projek_akhir_pemrogaman

[info] 
=== Project Setup
[info] 
[info] First, let's associate this project directory with a Firebase project.
[info] You can create multiple project aliases by running firebase use --add, 
[info] 
[info] i  If you want to create a project in a Google Cloud organization or folder, please use "firebase projects:create" instead, and return to this command when you've created the project. 
[debug] [2026-03-26T08:56:10.367Z] > command requires scopes: ["email","openid","https://www.googleapis.com/auth/cloudplatformprojects.readonly","https://www.googleapis.com/auth/firebase","https://www.googleapis.com/auth/cloud-platform"]
[debug] [2026-03-26T08:56:10.368Z] > authorizing via signed-in user (faizdaka04@gmail.com)
[debug] [2026-03-26T08:56:18.549Z] Checked if tokens are valid: true, expires at: 1774518565611
[debug] [2026-03-26T08:56:18.550Z] Checked if tokens are valid: true, expires at: 1774518565611
[debug] [2026-03-26T08:56:18.553Z] >>> [apiv2][query] POST https://firebase.googleapis.com/v1/projects:checkProjectId [none]
[debug] [2026-03-26T08:56:18.553Z] >>> [apiv2][body] POST https://firebase.googleapis.com/v1/projects:checkProjectId {"proposedId":"geprekpedasnagih"}
[debug] [2026-03-26T08:56:18.985Z] <<< [apiv2][status] POST https://firebase.googleapis.com/v1/projects:checkProjectId 200
[debug] [2026-03-26T08:56:18.986Z] <<< [apiv2][body] POST https://firebase.googleapis.com/v1/projects:checkProjectId {"projectIdStatus":"PROJECT_ID_AVAILABLE","suggestedProjectId":"geprekpedasnagih"}
[debug] [2026-03-26T08:56:54.532Z] Checked if tokens are valid: true, expires at: 1774518565611
[debug] [2026-03-26T08:56:54.533Z] Checked if tokens are valid: true, expires at: 1774518565611
[debug] [2026-03-26T08:56:54.533Z] >>> [apiv2][query] POST https://cloudresourcemanager.googleapis.com/v1/projects [none]
[debug] [2026-03-26T08:56:54.533Z] >>> [apiv2][body] POST https://cloudresourcemanager.googleapis.com/v1/projects {"projectId":"geprekpedasnagih","name":"geprekpedasnagih"}
[debug] [2026-03-26T08:56:55.251Z] <<< [apiv2][status] POST https://cloudresourcemanager.googleapis.com/v1/projects 200
[debug] [2026-03-26T08:56:55.251Z] <<< [apiv2][body] POST https://cloudresourcemanager.googleapis.com/v1/projects {"name":"operations/create_project.global.6089211022644912117"}
[debug] [2026-03-26T08:56:55.253Z] Checked if tokens are valid: true, expires at: 1774518565611
[debug] [2026-03-26T08:56:55.253Z] Checked if tokens are valid: true, expires at: 1774518565611
[debug] [2026-03-26T08:56:55.253Z] >>> [apiv2][query] GET https://cloudresourcemanager.googleapis.com/v1/operations/create_project.global.6089211022644912117 [none]
[debug] [2026-03-26T08:56:56.397Z] <<< [apiv2][status] GET https://cloudresourcemanager.googleapis.com/v1/operations/create_project.global.6089211022644912117 200
[debug] [2026-03-26T08:56:56.397Z] <<< [apiv2][body] GET https://cloudresourcemanager.googleapis.com/v1/operations/create_project.global.6089211022644912117 {"name":"operations/create_project.global.6089211022644912117","metadata":{"@type":"type.googleapis.com/google.cloudresourcemanager.v1.ProjectCreationStatus","ready":true},"done":true,"error":{"code":9,"message":"Callers must accept Terms of Service","details":[{"@type":"type.googleapis.com/google.rpc.PreconditionFailure","violations":[{"type":"TOS","subject":"cloud","description":"Callers must accept Terms of Service"}]}]}}
[debug] [2026-03-26T08:56:56.533Z] FirebaseError: Callers must accept Terms of Service
    at OperationPoller.poll (C:\Users\ASUS\AppData\Roaming\npm\node_modules\firebase-tools\lib\operation-poller.js:25:19)
    at process.processTicksAndRejections (node:internal/process/task_queues:104:5)
    at async createCloudProject (C:\Users\ASUS\AppData\Roaming\npm\node_modules\firebase-tools\lib\management\projects.js:237:29)
    at async createFirebaseProjectAndLog (C:\Users\ASUS\AppData\Roaming\npm\node_modules\firebase-tools\lib\management\projects.js:102:9)
    at async Object.doSetup (C:\Users\ASUS\AppData\Roaming\npm\node_modules\firebase-tools\lib\init\features\project.js:64:24)
    at async init (C:\Users\ASUS\AppData\Roaming\npm\node_modules\firebase-tools\lib\init\index.js:92:13)
    at async Command.initAction [as actionFn] (C:\Users\ASUS\AppData\Roaming\npm\node_modules\firebase-tools\lib\commands\init.js:231:5)
[error] 
[error] Error: Failed to create project. See firebase-debug.log for more info.
[debug] [2026-03-26T08:57:47.215Z] ----------------------------------------------------------------------
[debug] [2026-03-26T08:57:47.220Z] Command:       C:\Program Files\nodejs\node.exe C:\Users\ASUS\AppData\Roaming\npm\node_modules\firebase-tools\lib\bin\firebase.js init
[debug] [2026-03-26T08:57:47.221Z] CLI Version:   15.11.0
[debug] [2026-03-26T08:57:47.221Z] Platform:      win32
[debug] [2026-03-26T08:57:47.221Z] Node Version:  v25.8.0
[debug] [2026-03-26T08:57:47.221Z] Time:          Thu Mar 26 2026 15:57:47 GMT+0700 (Indochina Time)
[debug] [2026-03-26T08:57:47.221Z] ----------------------------------------------------------------------
[debug] 
[info] 
     ######## #### ########  ######## ########     ###     ######  ########
     ##        ##  ##     ## ##       ##     ##  ##   ##  ##       ##
     ######    ##  ########  ######   ########  #########  ######  ######
     ##        ##  ##    ##  ##       ##     ## ##     ##       ## ##
     ##       #### ##     ## ######## ########  ##     ##  ######  ########

You're about to initialize a Firebase project in this directory:

  D:\projek akhir\projek_akhir_pemrogaman

[info] 
=== Project Setup
[info] 
[info] First, let's associate this project directory with a Firebase project.
[info] You can create multiple project aliases by running firebase use --add, 
[info] 
[info] i  If you want to create a project in a Google Cloud organization or folder, please use "firebase projects:create" instead, and return to this command when you've created the project. 
[debug] [2026-03-26T08:57:55.960Z] > command requires scopes: ["email","openid","https://www.googleapis.com/auth/cloudplatformprojects.readonly","https://www.googleapis.com/auth/firebase","https://www.googleapis.com/auth/cloud-platform"]
[debug] [2026-03-26T08:57:55.962Z] > authorizing via signed-in user (faizdaka04@gmail.com)
[debug] [2026-03-26T08:58:22.946Z] Checked if tokens are valid: true, expires at: 1774518565611
[debug] [2026-03-26T08:58:22.946Z] Checked if tokens are valid: true, expires at: 1774518565611
[debug] [2026-03-26T08:58:22.951Z] >>> [apiv2][query] POST https://firebase.googleapis.com/v1/projects:checkProjectId [none]
[debug] [2026-03-26T08:58:22.952Z] >>> [apiv2][body] POST https://firebase.googleapis.com/v1/projects:checkProjectId {"proposedId":"geprekpedasnagih-id"}
[debug] [2026-03-26T08:58:23.383Z] <<< [apiv2][status] POST https://firebase.googleapis.com/v1/projects:checkProjectId 200
[debug] [2026-03-26T08:58:23.383Z] <<< [apiv2][body] POST https://firebase.googleapis.com/v1/projects:checkProjectId {"projectIdStatus":"PROJECT_ID_AVAILABLE","suggestedProjectId":"geprekpedasnagih-id"}
[debug] [2026-03-26T08:58:24.438Z] Checked if tokens are valid: true, expires at: 1774518565611
[debug] [2026-03-26T08:58:24.439Z] Checked if tokens are valid: true, expires at: 1774518565611
[debug] [2026-03-26T08:58:24.439Z] >>> [apiv2][query] POST https://cloudresourcemanager.googleapis.com/v1/projects [none]
[debug] [2026-03-26T08:58:24.439Z] >>> [apiv2][body] POST https://cloudresourcemanager.googleapis.com/v1/projects {"projectId":"geprekpedasnagih-id","name":"geprekpedasnagih-id"}
[debug] [2026-03-26T08:58:25.787Z] <<< [apiv2][status] POST https://cloudresourcemanager.googleapis.com/v1/projects 200
[debug] [2026-03-26T08:58:25.788Z] <<< [apiv2][body] POST https://cloudresourcemanager.googleapis.com/v1/projects {"name":"operations/create_project.global.5254663538113572149"}
[debug] [2026-03-26T08:58:25.790Z] Checked if tokens are valid: true, expires at: 1774518565611
[debug] [2026-03-26T08:58:25.790Z] Checked if tokens are valid: true, expires at: 1774518565611
[debug] [2026-03-26T08:58:25.791Z] >>> [apiv2][query] GET https://cloudresourcemanager.googleapis.com/v1/operations/create_project.global.5254663538113572149 [none]
[debug] [2026-03-26T08:58:26.945Z] <<< [apiv2][status] GET https://cloudresourcemanager.googleapis.com/v1/operations/create_project.global.5254663538113572149 200
[debug] [2026-03-26T08:58:26.945Z] <<< [apiv2][body] GET https://cloudresourcemanager.googleapis.com/v1/operations/create_project.global.5254663538113572149 {"name":"operations/create_project.global.5254663538113572149","metadata":{"@type":"type.googleapis.com/google.cloudresourcemanager.v1.ProjectCreationStatus","ready":true},"done":true,"error":{"code":9,"message":"Callers must accept Terms of Service","details":[{"@type":"type.googleapis.com/google.rpc.PreconditionFailure","violations":[{"type":"TOS","subject":"cloud","description":"Callers must accept Terms of Service"}]}]}}
[debug] [2026-03-26T08:58:27.076Z] FirebaseError: Callers must accept Terms of Service
    at OperationPoller.poll (C:\Users\ASUS\AppData\Roaming\npm\node_modules\firebase-tools\lib\operation-poller.js:25:19)
    at process.processTicksAndRejections (node:internal/process/task_queues:104:5)
    at async createCloudProject (C:\Users\ASUS\AppData\Roaming\npm\node_modules\firebase-tools\lib\management\projects.js:237:29)
    at async createFirebaseProjectAndLog (C:\Users\ASUS\AppData\Roaming\npm\node_modules\firebase-tools\lib\management\projects.js:102:9)
    at async Object.doSetup (C:\Users\ASUS\AppData\Roaming\npm\node_modules\firebase-tools\lib\init\features\project.js:64:24)
    at async init (C:\Users\ASUS\AppData\Roaming\npm\node_modules\firebase-tools\lib\init\index.js:92:13)
    at async Command.initAction [as actionFn] (C:\Users\ASUS\AppData\Roaming\npm\node_modules\firebase-tools\lib\commands\init.js:231:5)
[error] 
[error] Error: Failed to create project. See firebase-debug.log for more info.
[debug] [2026-03-26T08:58:41.016Z] ----------------------------------------------------------------------
[debug] [2026-03-26T08:58:41.020Z] Command:       C:\Program Files\nodejs\node.exe C:\Users\ASUS\AppData\Roaming\npm\node_modules\firebase-tools\lib\bin\firebase.js init
[debug] [2026-03-26T08:58:41.020Z] CLI Version:   15.11.0
[debug] [2026-03-26T08:58:41.020Z] Platform:      win32
[debug] [2026-03-26T08:58:41.020Z] Node Version:  v25.8.0
[debug] [2026-03-26T08:58:41.021Z] Time:          Thu Mar 26 2026 15:58:41 GMT+0700 (Indochina Time)
[debug] [2026-03-26T08:58:41.021Z] ----------------------------------------------------------------------
[debug] 
[info] 
     ######## #### ########  ######## ########     ###     ######  ########
     ##        ##  ##     ## ##       ##     ##  ##   ##  ##       ##
     ######    ##  ########  ######   ########  #########  ######  ######
     ##        ##  ##    ##  ##       ##     ## ##     ##       ## ##
     ##       #### ##     ## ######## ########  ##     ##  ######  ########

You're about to initialize a Firebase project in this directory:

  D:\projek akhir\projek_akhir_pemrogaman

[info] 
=== Project Setup
[info] 
[info] First, let's associate this project directory with a Firebase project.
[info] You can create multiple project aliases by running firebase use --add, 
[info] 
[info] i  If you want to create a project in a Google Cloud organization or folder, please use "firebase projects:create" instead, and return to this command when you've created the project. 
[debug] [2026-03-26T08:58:54.323Z] > command requires scopes: ["email","openid","https://www.googleapis.com/auth/cloudplatformprojects.readonly","https://www.googleapis.com/auth/firebase","https://www.googleapis.com/auth/cloud-platform"]
[debug] [2026-03-26T08:58:54.324Z] > authorizing via signed-in user (faizdaka04@gmail.com)
[debug] [2026-03-26T08:59:06.425Z] Checked if tokens are valid: true, expires at: 1774518565611
[debug] [2026-03-26T08:59:06.426Z] Checked if tokens are valid: true, expires at: 1774518565611
[debug] [2026-03-26T08:59:06.429Z] >>> [apiv2][query] POST https://firebase.googleapis.com/v1/projects:checkProjectId [none]
[debug] [2026-03-26T08:59:06.430Z] >>> [apiv2][body] POST https://firebase.googleapis.com/v1/projects:checkProjectId {"proposedId":"geprekpedesnagih-app"}
[debug] [2026-03-26T08:59:06.844Z] <<< [apiv2][status] POST https://firebase.googleapis.com/v1/projects:checkProjectId 200
[debug] [2026-03-26T08:59:06.844Z] <<< [apiv2][body] POST https://firebase.googleapis.com/v1/projects:checkProjectId {"projectIdStatus":"PROJECT_ID_AVAILABLE","suggestedProjectId":"geprekpedesnagih-app"}
[debug] [2026-03-26T08:59:07.880Z] Checked if tokens are valid: true, expires at: 1774518565611
[debug] [2026-03-26T08:59:07.881Z] Checked if tokens are valid: true, expires at: 1774518565611
[debug] [2026-03-26T08:59:07.882Z] >>> [apiv2][query] POST https://cloudresourcemanager.googleapis.com/v1/projects [none]
[debug] [2026-03-26T08:59:07.882Z] >>> [apiv2][body] POST https://cloudresourcemanager.googleapis.com/v1/projects {"projectId":"geprekpedesnagih-app","name":"geprekpedesnagih-app"}
[debug] [2026-03-26T08:59:09.396Z] <<< [apiv2][status] POST https://cloudresourcemanager.googleapis.com/v1/projects 200
[debug] [2026-03-26T08:59:09.397Z] <<< [apiv2][body] POST https://cloudresourcemanager.googleapis.com/v1/projects {"name":"operations/create_project.global.6156799950041948381"}
[debug] [2026-03-26T08:59:09.399Z] Checked if tokens are valid: true, expires at: 1774518565611
[debug] [2026-03-26T08:59:09.399Z] Checked if tokens are valid: true, expires at: 1774518565611
[debug] [2026-03-26T08:59:09.399Z] >>> [apiv2][query] GET https://cloudresourcemanager.googleapis.com/v1/operations/create_project.global.6156799950041948381 [none]
[debug] [2026-03-26T08:59:10.513Z] <<< [apiv2][status] GET https://cloudresourcemanager.googleapis.com/v1/operations/create_project.global.6156799950041948381 200
[debug] [2026-03-26T08:59:10.513Z] <<< [apiv2][body] GET https://cloudresourcemanager.googleapis.com/v1/operations/create_project.global.6156799950041948381 {"name":"operations/create_project.global.6156799950041948381","metadata":{"@type":"type.googleapis.com/google.cloudresourcemanager.v1.ProjectCreationStatus","ready":true},"done":true,"error":{"code":9,"message":"Callers must accept Terms of Service","details":[{"@type":"type.googleapis.com/google.rpc.PreconditionFailure","violations":[{"type":"TOS","subject":"cloud","description":"Callers must accept Terms of Service"}]}]}}
[debug] [2026-03-26T08:59:10.704Z] FirebaseError: Callers must accept Terms of Service
    at OperationPoller.poll (C:\Users\ASUS\AppData\Roaming\npm\node_modules\firebase-tools\lib\operation-poller.js:25:19)
    at process.processTicksAndRejections (node:internal/process/task_queues:104:5)
    at async createCloudProject (C:\Users\ASUS\AppData\Roaming\npm\node_modules\firebase-tools\lib\management\projects.js:237:29)
    at async createFirebaseProjectAndLog (C:\Users\ASUS\AppData\Roaming\npm\node_modules\firebase-tools\lib\management\projects.js:102:9)
    at async Object.doSetup (C:\Users\ASUS\AppData\Roaming\npm\node_modules\firebase-tools\lib\init\features\project.js:64:24)
    at async init (C:\Users\ASUS\AppData\Roaming\npm\node_modules\firebase-tools\lib\init\index.js:92:13)
    at async Command.initAction [as actionFn] (C:\Users\ASUS\AppData\Roaming\npm\node_modules\firebase-tools\lib\commands\init.js:231:5)
[error] 
[error] Error: Failed to create project. See firebase-debug.log for more info.
[debug] [2026-03-26T09:01:22.926Z] ----------------------------------------------------------------------
[debug] [2026-03-26T09:01:22.930Z] Command:       C:\Program Files\nodejs\node.exe C:\Users\ASUS\AppData\Roaming\npm\node_modules\firebase-tools\lib\bin\firebase.js init
[debug] [2026-03-26T09:01:22.930Z] CLI Version:   15.11.0
[debug] [2026-03-26T09:01:22.930Z] Platform:      win32
[debug] [2026-03-26T09:01:22.930Z] Node Version:  v25.8.0
[debug] [2026-03-26T09:01:22.930Z] Time:          Thu Mar 26 2026 16:01:22 GMT+0700 (Indochina Time)
[debug] [2026-03-26T09:01:22.930Z] ----------------------------------------------------------------------
[debug] 
[info] 
     ######## #### ########  ######## ########     ###     ######  ########
     ##        ##  ##     ## ##       ##     ##  ##   ##  ##       ##
     ######    ##  ########  ######   ########  #########  ######  ######
     ##        ##  ##    ##  ##       ##     ## ##     ##       ## ##
     ##       #### ##     ## ######## ########  ##     ##  ######  ########

You're about to initialize a Firebase project in this directory:

  D:\projek akhir\projek_akhir_pemrogaman

[info] 
=== Project Setup
[info] 
[info] First, let's associate this project directory with a Firebase project.
[info] You can create multiple project aliases by running firebase use --add, 
[info] 
[info] i  If you want to create a project in a Google Cloud organization or folder, please use "firebase projects:create" instead, and return to this command when you've created the project. 
[debug] [2026-03-26T09:01:38.987Z] > command requires scopes: ["email","openid","https://www.googleapis.com/auth/cloudplatformprojects.readonly","https://www.googleapis.com/auth/firebase","https://www.googleapis.com/auth/cloud-platform"]
[debug] [2026-03-26T09:01:38.987Z] > authorizing via signed-in user (faizdaka04@gmail.com)
[debug] [2026-03-26T09:02:01.789Z] ExitPromptError: User force closed the prompt with SIGINT
    at Interface.sigint (C:\Users\ASUS\AppData\Roaming\npm\node_modules\firebase-tools\node_modules\@inquirer\core\dist\commonjs\lib\create-prompt.js:101:37)
    at Interface.emit (node:events:508:20)
    at [_ttyWrite] [as _ttyWrite] (node:internal/readline/interface:1327:18)
    at ReadStream.onkeypress (node:internal/readline/interface:284:20)
    at ReadStream.emit (node:events:520:22)
    at emitKeys (node:internal/readline/utils:371:14)
    at emitKeys.next (<anonymous>)
    at ReadStream.onData (node:internal/readline/emitKeypressEvents:64:36)
    at ReadStream.emit (node:events:508:20)
    at addChunk (node:internal/streams/readable:564:12)
[error] 
[error] Error: An unexpected error has occurred.
[debug] [2026-03-26T09:02:07.150Z] ----------------------------------------------------------------------
[debug] [2026-03-26T09:02:07.152Z] Command:       C:\Program Files\nodejs\node.exe C:\Users\ASUS\AppData\Roaming\npm\node_modules\firebase-tools\lib\bin\firebase.js init
[debug] [2026-03-26T09:02:07.153Z] CLI Version:   15.11.0
[debug] [2026-03-26T09:02:07.153Z] Platform:      win32
[debug] [2026-03-26T09:02:07.153Z] Node Version:  v25.8.0
[debug] [2026-03-26T09:02:07.153Z] Time:          Thu Mar 26 2026 16:02:07 GMT+0700 (Indochina Time)
[debug] [2026-03-26T09:02:07.153Z] ----------------------------------------------------------------------
[debug] 
[info] 
     ######## #### ########  ######## ########     ###     ######  ########
     ##        ##  ##     ## ##       ##     ##  ##   ##  ##       ##
     ######    ##  ########  ######   ########  #########  ######  ######
     ##        ##  ##    ##  ##       ##     ## ##     ##       ## ##
     ##       #### ##     ## ######## ########  ##     ##  ######  ########

You're about to initialize a Firebase project in this directory:

  D:\projek akhir\projek_akhir_pemrogaman

[info] 
=== Project Setup
[info] 
[info] First, let's associate this project directory with a Firebase project.
[info] You can create multiple project aliases by running firebase use --add, 
[info] 
[debug] [2026-03-26T09:02:15.736Z] > command requires scopes: ["email","openid","https://www.googleapis.com/auth/cloudplatformprojects.readonly","https://www.googleapis.com/auth/firebase","https://www.googleapis.com/auth/cloud-platform"]
[debug] [2026-03-26T09:02:15.737Z] > authorizing via signed-in user (faizdaka04@gmail.com)
[debug] [2026-03-26T09:02:15.739Z] Checked if tokens are valid: true, expires at: 1774518565611
[debug] [2026-03-26T09:02:15.740Z] Checked if tokens are valid: true, expires at: 1774518565611
[debug] [2026-03-26T09:02:15.743Z] >>> [apiv2][query] GET https://firebase.googleapis.com/v1beta1/projects pageSize=100
[debug] [2026-03-26T09:02:16.807Z] <<< [apiv2][status] GET https://firebase.googleapis.com/v1beta1/projects 200
[debug] [2026-03-26T09:02:16.807Z] <<< [apiv2][body] GET https://firebase.googleapis.com/v1beta1/projects [omitted]
[info] 
=== Hosting Setup
[debug] [2026-03-26T09:02:24.366Z] Checked if tokens are valid: true, expires at: 1774518565611
[debug] [2026-03-26T09:02:24.368Z] Checked if tokens are valid: true, expires at: 1774518565611
[debug] [2026-03-26T09:02:24.368Z] >>> [apiv2][query] GET https://firebase.googleapis.com/v1beta1/projects/geprekpedesnagih-app [none]
[debug] [2026-03-26T09:02:24.777Z] <<< [apiv2][status] GET https://firebase.googleapis.com/v1beta1/projects/geprekpedesnagih-app 200
[debug] [2026-03-26T09:02:24.777Z] <<< [apiv2][body] GET https://firebase.googleapis.com/v1beta1/projects/geprekpedesnagih-app {"projectId":"geprekpedesnagih-app","projectNumber":"882137416613","displayName":"geprekpedesnagih-app","name":"projects/geprekpedesnagih-app","resources":{"hostingSite":"geprekpedesnagih-app"},"state":"ACTIVE","etag":"1_3da09dd8-c2d0-4698-88ad-fa6cfc9f3918"}
[info] 
[info] Your public directory is the folder (relative to your project directory) that
[info] will contain Hosting assets to be uploaded with firebase deploy. If you
[info] have a build process for your assets, use your build's output directory.
[info] 
[info] 
[info] i  Didn't detect a .git folder. Assuming D:\projek akhir\projek_akhir_pemrogaman is the project root. 
[info] i  Authorizing with GitHub to upload your service account to a GitHub repository's secrets store. 
[info] 
[info] Visit this URL on this device to log in:
[info] https://github.com/login/oauth/authorize?client_id=89cf50f02ac6aaed3484&state=777141287&redirect_uri=http%3A%2F%2Flocalhost%3A9005&scope=read%3Auser%20repo%20public_repo
[info] 
[info] Waiting for authentication...
[debug] [2026-03-26T09:04:25.530Z] >>> [apiv2][query] POST https://github.com/login/oauth/access_token [none]
[debug] [2026-03-26T09:04:25.530Z] >>> [apiv2][body] POST https://github.com/login/oauth/access_token [stream]
[debug] [2026-03-26T09:04:26.595Z] <<< [apiv2][status] POST https://github.com/login/oauth/access_token 200
[debug] [2026-03-26T09:04:26.595Z] <<< [apiv2][body] POST https://github.com/login/oauth/access_token {"access_token":"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","token_type":"bearer","scope":"read:user,repo"}
[debug] [2026-03-26T09:04:26.603Z] >>> [apiv2][query] GET https://api.github.com/user [none]
[debug] [2026-03-26T09:04:27.148Z] <<< [apiv2][status] GET https://api.github.com/user 200
[debug] [2026-03-26T09:04:27.148Z] <<< [apiv2][body] GET https://api.github.com/user {"login":"faizdakaw-web","id":267902731,"node_id":"U_kgDOD_ffCw","avatar_url":"https://avatars.githubusercontent.com/u/267902731?v=4","gravatar_id":"","url":"https://api.github.com/users/faizdakaw-web","html_url":"https://github.com/faizdakaw-web","followers_url":"https://api.github.com/users/faizdakaw-web/followers","following_url":"https://api.github.com/users/faizdakaw-web/following{/other_user}","gists_url":"https://api.github.com/users/faizdakaw-web/gists{/gist_id}","starred_url":"https://api.github.com/users/faizdakaw-web/starred{/owner}{/repo}","subscriptions_url":"https://api.github.com/users/faizdakaw-web/subscriptions","organizations_url":"https://api.github.com/users/faizdakaw-web/orgs","repos_url":"https://api.github.com/users/faizdakaw-web/repos","events_url":"https://api.github.com/users/faizdakaw-web/events{/privacy}","received_events_url":"https://api.github.com/users/faizdakaw-web/received_events","type":"User","user_view_type":"private","site_admin":false,"name":null,"company":null,"blog":"","location":null,"email":null,"hireable":null,"bio":null,"twitter_username":null,"notification_email":null,"public_repos":1,"public_gists":0,"followers":0,"following":0,"created_at":"2026-03-13T09:55:32Z","updated_at":"2026-03-13T09:55:32Z","private_gists":0,"total_private_repos":0,"owned_private_repos":0,"disk_usage":282,"collaborators":0,"two_factor_authentication":false,"plan":{"name":"free","space":976562499,"collaborators":0,"private_repos":10000}}
[info] 
[info] +  Success! Logged into GitHub as faizdakaw-web 
[info] 
[debug] [2026-03-26T09:04:27.154Z] >>> [apiv2][query] GET https://api.github.com/repos//actions/secrets/public-key type=owner
[debug] [2026-03-26T09:04:27.407Z] <<< [apiv2][status] GET https://api.github.com/repos//actions/secrets/public-key 404
[debug] [2026-03-26T09:04:27.407Z] <<< [apiv2][body] GET https://api.github.com/repos//actions/secrets/public-key {"message":"Not Found","documentation_url":"https://docs.github.com/rest","status":"404"}
[info] 
[info] 
[error] !  The provided authorization cannot be used with this repository. If this repository is in an organization, did you remember to grant access? 
[info] 
[info] i  Action required: Visit this URL to ensure access has been granted to the appropriate organization(s) for the Firebase CLI GitHub OAuth App: 
[info] https://github.com/settings/connections/applications/89cf50f02ac6aaed3484
[info] 
[debug] [2026-03-26T09:05:18.501Z] ExitPromptError: User force closed the prompt with SIGINT
    at Interface.sigint (C:\Users\ASUS\AppData\Roaming\npm\node_modules\firebase-tools\node_modules\@inquirer\core\dist\commonjs\lib\create-prompt.js:101:37)
    at Interface.emit (node:events:508:20)
    at [_ttyWrite] [as _ttyWrite] (node:internal/readline/interface:1327:18)
    at ReadStream.onkeypress (node:internal/readline/interface:284:20)
    at ReadStream.emit (node:events:520:22)
    at emitKeys (node:internal/readline/utils:371:14)
    at emitKeys.next (<anonymous>)
    at ReadStream.onData (node:internal/readline/emitKeypressEvents:64:36)
    at ReadStream.emit (node:events:508:20)
    at addChunk (node:internal/streams/readable:564:12)
[error] 
[error] Error: An unexpected error has occurred.
[debug] [2026-03-26T09:05:23.747Z] ----------------------------------------------------------------------
[debug] [2026-03-26T09:05:23.750Z] Command:       C:\Program Files\nodejs\node.exe C:\Users\ASUS\AppData\Roaming\npm\node_modules\firebase-tools\lib\bin\firebase.js init
[debug] [2026-03-26T09:05:23.751Z] CLI Version:   15.11.0
[debug] [2026-03-26T09:05:23.751Z] Platform:      win32
[debug] [2026-03-26T09:05:23.751Z] Node Version:  v25.8.0
[debug] [2026-03-26T09:05:23.751Z] Time:          Thu Mar 26 2026 16:05:23 GMT+0700 (Indochina Time)
[debug] [2026-03-26T09:05:23.751Z] ----------------------------------------------------------------------
[debug] 
[info] 
     ######## #### ########  ######## ########     ###     ######  ########
     ##        ##  ##     ## ##       ##     ##  ##   ##  ##       ##
     ######    ##  ########  ######   ########  #########  ######  ######
     ##        ##  ##    ##  ##       ##     ## ##     ##       ## ##
     ##       #### ##     ## ######## ########  ##     ##  ######  ########

You're about to initialize a Firebase project in this directory:

  D:\projek akhir\projek_akhir_pemrogaman

[info] 
=== Project Setup
[info] 
[info] First, let's associate this project directory with a Firebase project.
[info] You can create multiple project aliases by running firebase use --add, 
[info] 
[debug] [2026-03-26T09:05:35.352Z] > command requires scopes: ["email","openid","https://www.googleapis.com/auth/cloudplatformprojects.readonly","https://www.googleapis.com/auth/firebase","https://www.googleapis.com/auth/cloud-platform"]
[debug] [2026-03-26T09:05:35.353Z] > authorizing via signed-in user (faizdaka04@gmail.com)
[debug] [2026-03-26T09:05:35.356Z] Checked if tokens are valid: true, expires at: 1774518565611
[debug] [2026-03-26T09:05:35.357Z] Checked if tokens are valid: true, expires at: 1774518565611
[debug] [2026-03-26T09:05:35.362Z] >>> [apiv2][query] GET https://firebase.googleapis.com/v1beta1/projects/geprekpedesnagih-app [none]
[debug] [2026-03-26T09:05:36.159Z] <<< [apiv2][status] GET https://firebase.googleapis.com/v1beta1/projects/geprekpedesnagih-app 200
[debug] [2026-03-26T09:05:36.159Z] <<< [apiv2][body] GET https://firebase.googleapis.com/v1beta1/projects/geprekpedesnagih-app {"projectId":"geprekpedesnagih-app","projectNumber":"882137416613","displayName":"geprekpedesnagih-app","name":"projects/geprekpedesnagih-app","resources":{"hostingSite":"geprekpedesnagih-app"},"state":"ACTIVE","etag":"1_3da09dd8-c2d0-4698-88ad-fa6cfc9f3918"}
[info] i  Using project geprekpedesnagih-app (geprekpedesnagih-app) . 
[info] 
=== Hosting Setup
[debug] [2026-03-26T09:05:36.198Z] Checked if tokens are valid: true, expires at: 1774518565611
[debug] [2026-03-26T09:05:36.199Z] Checked if tokens are valid: true, expires at: 1774518565611
[debug] [2026-03-26T09:05:36.199Z] >>> [apiv2][query] GET https://firebase.googleapis.com/v1beta1/projects/geprekpedesnagih-app [none]
[debug] [2026-03-26T09:05:36.544Z] <<< [apiv2][status] GET https://firebase.googleapis.com/v1beta1/projects/geprekpedesnagih-app 200
[debug] [2026-03-26T09:05:36.545Z] <<< [apiv2][body] GET https://firebase.googleapis.com/v1beta1/projects/geprekpedesnagih-app {"projectId":"geprekpedesnagih-app","projectNumber":"882137416613","displayName":"geprekpedesnagih-app","name":"projects/geprekpedesnagih-app","resources":{"hostingSite":"geprekpedesnagih-app"},"state":"ACTIVE","etag":"1_3da09dd8-c2d0-4698-88ad-fa6cfc9f3918"}
[info] 
[info] Your public directory is the folder (relative to your project directory) that
[info] will contain Hosting assets to be uploaded with firebase deploy. If you
[info] have a build process for your assets, use your build's output directory.
[info] 
[info] 
[info] i  Didn't detect a .git folder. Assuming D:\projek akhir\projek_akhir_pemrogaman is the project root. 
[info] i  Authorizing with GitHub to upload your service account to a GitHub repository's secrets store. 
[info] 
[info] Visit this URL on this device to log in:
[info] https://github.com/login/oauth/authorize?client_id=89cf50f02ac6aaed3484&state=499081721&redirect_uri=http%3A%2F%2Flocalhost%3A9005&scope=read%3Auser%20repo%20public_repo
[info] 
[info] Waiting for authentication...
[debug] [2026-03-26T09:05:59.558Z] >>> [apiv2][query] POST https://github.com/login/oauth/access_token [none]
[debug] [2026-03-26T09:05:59.559Z] >>> [apiv2][body] POST https://github.com/login/oauth/access_token [stream]
[debug] [2026-03-26T09:06:00.855Z] <<< [apiv2][status] POST https://github.com/login/oauth/access_token 200
[debug] [2026-03-26T09:06:00.855Z] <<< [apiv2][body] POST https://github.com/login/oauth/access_token {"access_token":"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","token_type":"bearer","scope":"read:user,repo"}
[debug] [2026-03-26T09:06:00.864Z] >>> [apiv2][query] GET https://api.github.com/user [none]
[debug] [2026-03-26T09:06:01.326Z] <<< [apiv2][status] GET https://api.github.com/user 200
[debug] [2026-03-26T09:06:01.327Z] <<< [apiv2][body] GET https://api.github.com/user {"login":"faizdakaw-web","id":267902731,"node_id":"U_kgDOD_ffCw","avatar_url":"https://avatars.githubusercontent.com/u/267902731?v=4","gravatar_id":"","url":"https://api.github.com/users/faizdakaw-web","html_url":"https://github.com/faizdakaw-web","followers_url":"https://api.github.com/users/faizdakaw-web/followers","following_url":"https://api.github.com/users/faizdakaw-web/following{/other_user}","gists_url":"https://api.github.com/users/faizdakaw-web/gists{/gist_id}","starred_url":"https://api.github.com/users/faizdakaw-web/starred{/owner}{/repo}","subscriptions_url":"https://api.github.com/users/faizdakaw-web/subscriptions","organizations_url":"https://api.github.com/users/faizdakaw-web/orgs","repos_url":"https://api.github.com/users/faizdakaw-web/repos","events_url":"https://api.github.com/users/faizdakaw-web/events{/privacy}","received_events_url":"https://api.github.com/users/faizdakaw-web/received_events","type":"User","user_view_type":"private","site_admin":false,"name":null,"company":null,"blog":"","location":null,"email":null,"hireable":null,"bio":null,"twitter_username":null,"notification_email":null,"public_repos":1,"public_gists":0,"followers":0,"following":0,"created_at":"2026-03-13T09:55:32Z","updated_at":"2026-03-13T09:55:32Z","private_gists":0,"total_private_repos":0,"owned_private_repos":0,"disk_usage":282,"collaborators":0,"two_factor_authentication":false,"plan":{"name":"free","space":976562499,"collaborators":0,"private_repos":10000}}
[info] 
[info] +  Success! Logged into GitHub as faizdakaw-web 
[info] 
[debug] [2026-03-26T09:07:34.914Z] >>> [apiv2][query] GET https://api.github.com/repos/yes/actions/secrets/public-key type=owner
[debug] [2026-03-26T09:07:35.292Z] <<< [apiv2][status] GET https://api.github.com/repos/yes/actions/secrets/public-key 404
[debug] [2026-03-26T09:07:35.293Z] <<< [apiv2][body] GET https://api.github.com/repos/yes/actions/secrets/public-key {"message":"Not Found","documentation_url":"https://docs.github.com/rest","status":"404"}
[info] 
[info] 
[error] !  The provided authorization cannot be used with this repository. If this repository is in an organization, did you remember to grant access? 
[info] 
[info] i  Action required: Visit this URL to ensure access has been granted to the appropriate organization(s) for the Firebase CLI GitHub OAuth App: 
[info] https://github.com/settings/connections/applications/89cf50f02ac6aaed3484
[info] 
[debug] [2026-03-26T09:07:43.060Z] >>> [apiv2][query] GET https://api.github.com/repos/user/actions/secrets/public-key type=owner
[debug] [2026-03-26T09:07:43.381Z] <<< [apiv2][status] GET https://api.github.com/repos/user/actions/secrets/public-key 404
[debug] [2026-03-26T09:07:43.382Z] <<< [apiv2][body] GET https://api.github.com/repos/user/actions/secrets/public-key {"message":"Not Found","documentation_url":"https://docs.github.com/rest","status":"404"}
[info] 
[info] 
[error] !  The provided authorization cannot be used with this repository. If this repository is in an organization, did you remember to grant access? 
[info] 
[info] i  Action required: Visit this URL to ensure access has been granted to the appropriate organization(s) for the Firebase CLI GitHub OAuth App: 
[info] https://github.com/settings/connections/applications/89cf50f02ac6aaed3484
[info] 
[debug] [2026-03-26T09:08:45.389Z] >>> [apiv2][query] GET https://api.github.com/repos/faizdakaw-web/geprekpedesnagih/actions/secrets/public-key type=owner
[debug] [2026-03-26T09:08:45.803Z] <<< [apiv2][status] GET https://api.github.com/repos/faizdakaw-web/geprekpedesnagih/actions/secrets/public-key 404
[debug] [2026-03-26T09:08:45.803Z] <<< [apiv2][body] GET https://api.github.com/repos/faizdakaw-web/geprekpedesnagih/actions/secrets/public-key {"message":"Not Found","documentation_url":"https://docs.github.com/rest/actions/secrets#get-a-repository-public-key","status":"404"}
[info] 
[info] 
[error] !  The provided authorization cannot be used with this repository. If this repository is in an organization, did you remember to grant access? 
[info] 
[info] i  Action required: Visit this URL to ensure access has been granted to the appropriate organization(s) for the Firebase CLI GitHub OAuth App: 
[info] https://github.com/settings/connections/applications/89cf50f02ac6aaed3484
[info] 
[debug] [2026-03-26T09:08:58.269Z] >>> [apiv2][query] GET https://api.github.com/repos/faizdakaw-web/geprekpedesnagih/actions/secrets/public-key type=owner
[debug] [2026-03-26T09:08:58.664Z] <<< [apiv2][status] GET https://api.github.com/repos/faizdakaw-web/geprekpedesnagih/actions/secrets/public-key 404
[debug] [2026-03-26T09:08:58.664Z] <<< [apiv2][body] GET https://api.github.com/repos/faizdakaw-web/geprekpedesnagih/actions/secrets/public-key {"message":"Not Found","documentation_url":"https://docs.github.com/rest/actions/secrets#get-a-repository-public-key","status":"404"}
[info] 
[info] 
[error] !  The provided authorization cannot be used with this repository. If this repository is in an organization, did you remember to grant access? 
[info] 
[info] i  Action required: Visit this URL to ensure access has been granted to the appropriate organization(s) for the Firebase CLI GitHub OAuth App: 
[info] https://github.com/settings/connections/applications/89cf50f02ac6aaed3484
[info] 
[debug] [2026-03-26T09:08:59.568Z] >>> [apiv2][query] GET https://api.github.com/repos/faizdakaw-web/geprekpedesnagih/actions/secrets/public-key type=owner
[debug] [2026-03-26T09:08:59.879Z] <<< [apiv2][status] GET https://api.github.com/repos/faizdakaw-web/geprekpedesnagih/actions/secrets/public-key 404
[debug] [2026-03-26T09:08:59.880Z] <<< [apiv2][body] GET https://api.github.com/repos/faizdakaw-web/geprekpedesnagih/actions/secrets/public-key {"message":"Not Found","documentation_url":"https://docs.github.com/rest/actions/secrets#get-a-repository-public-key","status":"404"}
[info] 
[info] 
[error] !  The provided authorization cannot be used with this repository. If this repository is in an organization, did you remember to grant access? 
[info] 
[info] i  Action required: Visit this URL to ensure access has been granted to the appropriate organization(s) for the Firebase CLI GitHub OAuth App: 
[info] https://github.com/settings/connections/applications/89cf50f02ac6aaed3484
[info] 
